mode: set
bayareen-backend/features/categories/service/usecase.go:14.75,19.2 1 1
bayareen-backend/features/categories/service/usecase.go:21.91,22.49 1 1
bayareen-backend/features/categories/service/usecase.go:26.2,28.16 2 1
bayareen-backend/features/categories/service/usecase.go:32.2,32.18 1 1
bayareen-backend/features/categories/service/usecase.go:22.49,24.3 1 1
bayareen-backend/features/categories/service/usecase.go:28.16,30.3 1 1
bayareen-backend/features/categories/service/usecase.go:35.55,37.2 1 1
bayareen-backend/features/categories/service/usecase.go:39.76,41.21 2 1
bayareen-backend/features/categories/service/usecase.go:44.2,44.21 1 1
bayareen-backend/features/categories/service/usecase.go:47.2,47.20 1 1
bayareen-backend/features/categories/service/usecase.go:50.2,50.23 1 1
bayareen-backend/features/categories/service/usecase.go:54.2,54.45 1 1
bayareen-backend/features/categories/service/usecase.go:41.21,43.3 1 1
bayareen-backend/features/categories/service/usecase.go:44.21,46.3 1 1
bayareen-backend/features/categories/service/usecase.go:47.20,49.3 1 1
bayareen-backend/features/categories/service/usecase.go:50.23,52.3 1 1
bayareen-backend/features/categories/service/usecase.go:57.69,60.16 2 1
bayareen-backend/features/categories/service/usecase.go:64.2,64.18 1 1
bayareen-backend/features/categories/service/usecase.go:60.16,62.3 1 1
bayareen-backend/features/categories/service/usecase.go:67.91,68.49 1 1
bayareen-backend/features/categories/service/usecase.go:79.2,80.16 2 1
bayareen-backend/features/categories/service/usecase.go:84.2,84.18 1 1
bayareen-backend/features/categories/service/usecase.go:68.49,70.3 1 1
bayareen-backend/features/categories/service/usecase.go:80.16,82.3 1 1
bayareen-backend/features/categories/service/usecase.go:87.49,89.2 1 1
bayareen-backend/features/admins/service/usecase.go:18.89,24.2 1 1
bayareen-backend/features/admins/service/usecase.go:26.74,28.16 2 1
bayareen-backend/features/admins/service/usecase.go:31.2,31.46 1 1
bayareen-backend/features/admins/service/usecase.go:34.2,34.68 1 1
bayareen-backend/features/admins/service/usecase.go:28.16,30.3 1 0
bayareen-backend/features/admins/service/usecase.go:31.46,33.3 1 1
bayareen-backend/features/admins/service/usecase.go:37.48,39.16 2 0
bayareen-backend/features/admins/service/usecase.go:42.2,42.46 1 0
bayareen-backend/features/admins/service/usecase.go:45.2,45.12 1 0
bayareen-backend/features/admins/service/usecase.go:39.16,41.3 1 0
bayareen-backend/features/admins/service/usecase.go:42.46,44.3 1 0
bayareen-backend/features/admins/service/usecase.go:48.73,49.50 1 1
bayareen-backend/features/admins/service/usecase.go:53.2,54.16 2 1
bayareen-backend/features/admins/service/usecase.go:57.2,57.18 1 1
bayareen-backend/features/admins/service/usecase.go:49.50,51.3 1 1
bayareen-backend/features/admins/service/usecase.go:54.16,56.3 1 1
bayareen-backend/features/admins/service/usecase.go:60.48,62.2 1 1
bayareen-backend/features/admins/service/usecase.go:64.63,66.2 1 1
bayareen-backend/features/admins/service/usecase.go:68.73,70.16 2 1
bayareen-backend/features/admins/service/usecase.go:74.2,74.50 1 1
bayareen-backend/features/admins/service/usecase.go:78.2,81.16 3 1
bayareen-backend/features/admins/service/usecase.go:84.2,84.18 1 1
bayareen-backend/features/admins/service/usecase.go:70.16,72.3 1 1
bayareen-backend/features/admins/service/usecase.go:74.50,76.3 1 1
bayareen-backend/features/admins/service/usecase.go:81.16,83.3 1 1
bayareen-backend/features/admins/service/usecase.go:87.46,90.16 2 1
bayareen-backend/features/admins/service/usecase.go:94.2,94.32 1 1
bayareen-backend/features/admins/service/usecase.go:90.16,92.3 1 1
bayareen-backend/features/paymentmethods/service/usecase.go:14.93,19.2 1 1
bayareen-backend/features/paymentmethods/service/usecase.go:21.98,23.16 2 1
bayareen-backend/features/paymentmethods/service/usecase.go:27.2,29.16 2 1
bayareen-backend/features/paymentmethods/service/usecase.go:33.2,33.18 1 1
bayareen-backend/features/paymentmethods/service/usecase.go:23.16,25.3 1 1
bayareen-backend/features/paymentmethods/service/usecase.go:29.16,31.3 1 1
bayareen-backend/features/paymentmethods/service/usecase.go:36.65,38.2 1 1
bayareen-backend/features/paymentmethods/service/usecase.go:40.80,43.16 2 1
bayareen-backend/features/paymentmethods/service/usecase.go:47.2,47.18 1 1
bayareen-backend/features/paymentmethods/service/usecase.go:43.16,45.3 1 1
bayareen-backend/features/paymentmethods/service/usecase.go:50.98,60.16 2 1
bayareen-backend/features/paymentmethods/service/usecase.go:63.2,63.18 1 1
bayareen-backend/features/paymentmethods/service/usecase.go:60.16,62.3 1 1
bayareen-backend/features/paymentmethods/service/usecase.go:66.55,70.16 2 1
bayareen-backend/features/paymentmethods/service/usecase.go:74.2,74.41 1 1
bayareen-backend/features/paymentmethods/service/usecase.go:70.16,72.3 1 1
bayareen-backend/features/paymentmethods/service/usecase.go:77.88,79.16 2 1
bayareen-backend/features/paymentmethods/service/usecase.go:83.2,83.16 1 1
bayareen-backend/features/paymentmethods/service/usecase.go:79.16,81.3 1 1
bayareen-backend/features/products/service/usecase.go:18.116,25.2 1 1
bayareen-backend/features/products/service/usecase.go:27.79,28.50 1 1
bayareen-backend/features/products/service/usecase.go:32.2,32.21 1 1
bayareen-backend/features/products/service/usecase.go:40.2,40.26 1 1
bayareen-backend/features/products/service/usecase.go:48.2,49.16 2 1
bayareen-backend/features/products/service/usecase.go:53.2,53.18 1 1
bayareen-backend/features/products/service/usecase.go:28.50,30.3 1 1
bayareen-backend/features/products/service/usecase.go:32.21,35.17 2 1
bayareen-backend/features/products/service/usecase.go:35.17,37.4 1 1
bayareen-backend/features/products/service/usecase.go:40.26,43.17 2 1
bayareen-backend/features/products/service/usecase.go:43.17,45.4 1 1
bayareen-backend/features/products/service/usecase.go:49.16,51.3 1 1
bayareen-backend/features/products/service/usecase.go:56.52,58.2 1 1
bayareen-backend/features/products/service/usecase.go:60.67,62.2 1 1
bayareen-backend/features/products/service/usecase.go:64.79,65.50 1 1
bayareen-backend/features/products/service/usecase.go:69.2,69.21 1 1
bayareen-backend/features/products/service/usecase.go:77.2,77.26 1 1
bayareen-backend/features/products/service/usecase.go:92.2,93.16 2 1
bayareen-backend/features/products/service/usecase.go:97.2,97.18 1 1
bayareen-backend/features/products/service/usecase.go:65.50,67.3 1 1
bayareen-backend/features/products/service/usecase.go:69.21,72.17 2 1
bayareen-backend/features/products/service/usecase.go:72.17,74.4 1 1
bayareen-backend/features/products/service/usecase.go:77.26,80.17 2 1
bayareen-backend/features/products/service/usecase.go:80.17,82.4 1 1
bayareen-backend/features/products/service/usecase.go:93.16,95.3 1 1
bayareen-backend/features/products/service/usecase.go:100.50,102.2 1 1
bayareen-backend/features/products/service/usecase.go:104.80,106.16 2 1
bayareen-backend/features/products/service/usecase.go:110.2,110.18 1 1
bayareen-backend/features/products/service/usecase.go:106.16,108.3 1 1
bayareen-backend/features/providers/service/usecase.go:14.73,19.2 1 1
bayareen-backend/features/providers/service/usecase.go:21.82,22.50 1 1
bayareen-backend/features/providers/service/usecase.go:26.2,28.16 2 1
bayareen-backend/features/providers/service/usecase.go:32.2,32.18 1 1
bayareen-backend/features/providers/service/usecase.go:22.50,24.3 1 1
bayareen-backend/features/providers/service/usecase.go:28.16,30.3 1 1
bayareen-backend/features/providers/service/usecase.go:35.54,37.2 1 1
bayareen-backend/features/providers/service/usecase.go:39.81,41.16 2 1
bayareen-backend/features/providers/service/usecase.go:44.2,44.20 1 1
bayareen-backend/features/providers/service/usecase.go:41.16,43.3 1 1
bayareen-backend/features/providers/service/usecase.go:47.69,49.16 2 1
bayareen-backend/features/providers/service/usecase.go:53.2,53.18 1 1
bayareen-backend/features/providers/service/usecase.go:49.16,51.3 1 1
bayareen-backend/features/providers/service/usecase.go:56.82,57.50 1 1
bayareen-backend/features/providers/service/usecase.go:67.2,68.16 2 1
bayareen-backend/features/providers/service/usecase.go:72.2,72.18 1 1
bayareen-backend/features/providers/service/usecase.go:57.50,59.3 1 1
bayareen-backend/features/providers/service/usecase.go:68.16,70.3 1 1
bayareen-backend/features/providers/service/usecase.go:75.49,79.16 3 1
bayareen-backend/features/providers/service/usecase.go:83.2,83.35 1 1
bayareen-backend/features/providers/service/usecase.go:79.16,81.3 1 1
bayareen-backend/features/transaction/service/usecase.go:25.238,34.2 1 1
bayareen-backend/features/transaction/service/usecase.go:36.89,39.16 2 1
bayareen-backend/features/transaction/service/usecase.go:44.2,44.57 1 1
bayareen-backend/features/transaction/service/usecase.go:49.2,50.16 2 1
bayareen-backend/features/transaction/service/usecase.go:53.2,53.18 1 1
bayareen-backend/features/transaction/service/usecase.go:57.2,70.16 5 1
bayareen-backend/features/transaction/service/usecase.go:74.2,78.16 5 1
bayareen-backend/features/transaction/service/usecase.go:83.2,86.12 3 1
bayareen-backend/features/transaction/service/usecase.go:93.2,93.19 1 1
bayareen-backend/features/transaction/service/usecase.go:39.16,41.3 1 1
bayareen-backend/features/transaction/service/usecase.go:44.57,46.3 1 1
bayareen-backend/features/transaction/service/usecase.go:50.16,52.3 1 1
bayareen-backend/features/transaction/service/usecase.go:53.18,55.3 1 0
bayareen-backend/features/transaction/service/usecase.go:70.16,72.3 1 0
bayareen-backend/features/transaction/service/usecase.go:78.16,80.3 1 0
bayareen-backend/features/transaction/service/usecase.go:86.12,88.18 2 1
bayareen-backend/features/transaction/service/usecase.go:88.18,90.4 1 1
bayareen-backend/features/transaction/service/usecase.go:96.92,99.26 2 1
bayareen-backend/features/transaction/service/usecase.go:110.2,115.16 2 1
bayareen-backend/features/transaction/service/usecase.go:119.2,120.16 2 1
bayareen-backend/features/transaction/service/usecase.go:124.2,126.12 3 1
bayareen-backend/features/transaction/service/usecase.go:133.2,133.12 1 1
bayareen-backend/features/transaction/service/usecase.go:99.26,104.17 2 1
bayareen-backend/features/transaction/service/usecase.go:107.3,107.30 1 1
bayareen-backend/features/transaction/service/usecase.go:104.17,106.4 1 1
bayareen-backend/features/transaction/service/usecase.go:115.16,117.3 1 0
bayareen-backend/features/transaction/service/usecase.go:120.16,122.3 1 0
bayareen-backend/features/transaction/service/usecase.go:126.12,128.18 2 1
bayareen-backend/features/transaction/service/usecase.go:128.18,130.4 1 1
bayareen-backend/features/user/service/usecase.go:19.83,25.2 1 1
bayareen-backend/features/user/service/usecase.go:27.83,28.50 1 1
bayareen-backend/features/user/service/usecase.go:32.2,33.16 2 1
bayareen-backend/features/user/service/usecase.go:36.2,36.22 1 1
bayareen-backend/features/user/service/usecase.go:40.2,41.16 2 1
bayareen-backend/features/user/service/usecase.go:45.2,47.16 2 1
bayareen-backend/features/user/service/usecase.go:51.2,51.18 1 1
bayareen-backend/features/user/service/usecase.go:28.50,30.3 1 0
bayareen-backend/features/user/service/usecase.go:33.16,35.3 1 0
bayareen-backend/features/user/service/usecase.go:36.22,38.3 1 0
bayareen-backend/features/user/service/usecase.go:41.16,43.3 1 0
bayareen-backend/features/user/service/usecase.go:47.16,49.3 1 1
bayareen-backend/features/user/service/usecase.go:54.49,57.2 2 1
bayareen-backend/features/user/service/usecase.go:59.63,61.16 2 1
bayareen-backend/features/user/service/usecase.go:65.2,65.18 1 1
bayareen-backend/features/user/service/usecase.go:61.16,63.3 1 1
bayareen-backend/features/user/service/usecase.go:68.74,69.50 1 0
bayareen-backend/features/user/service/usecase.go:80.2,81.16 2 0
bayareen-backend/features/user/service/usecase.go:85.2,85.18 1 0
bayareen-backend/features/user/service/usecase.go:69.50,71.3 1 0
bayareen-backend/features/user/service/usecase.go:81.16,83.3 1 0
bayareen-backend/features/user/service/usecase.go:88.45,91.16 2 1
bayareen-backend/features/user/service/usecase.go:95.2,95.31 1 1
bayareen-backend/features/user/service/usecase.go:91.16,93.3 1 1
bayareen-backend/features/user/service/usecase.go:98.73,99.22 1 1
bayareen-backend/features/user/service/usecase.go:103.2,103.25 1 1
bayareen-backend/features/user/service/usecase.go:107.2,108.16 2 1
bayareen-backend/features/user/service/usecase.go:111.2,112.11 2 1
bayareen-backend/features/user/service/usecase.go:116.2,117.16 2 1
bayareen-backend/features/user/service/usecase.go:121.2,121.22 1 1
bayareen-backend/features/user/service/usecase.go:99.22,101.3 1 1
bayareen-backend/features/user/service/usecase.go:103.25,105.3 1 1
bayareen-backend/features/user/service/usecase.go:108.16,110.3 1 1
bayareen-backend/features/user/service/usecase.go:112.11,114.3 1 1
bayareen-backend/features/user/service/usecase.go:117.16,119.3 1 0
bayareen-backend/features/user/service/usecase.go:124.96,125.50 1 1
bayareen-backend/features/user/service/usecase.go:129.2,130.16 2 1
bayareen-backend/features/user/service/usecase.go:134.2,134.66 1 1
bayareen-backend/features/user/service/usecase.go:138.2,139.16 2 1
bayareen-backend/features/user/service/usecase.go:143.2,144.16 2 1
bayareen-backend/features/user/service/usecase.go:148.2,148.25 1 1
bayareen-backend/features/user/service/usecase.go:125.50,127.3 1 1
bayareen-backend/features/user/service/usecase.go:130.16,132.3 1 1
bayareen-backend/features/user/service/usecase.go:134.66,136.3 1 0
bayareen-backend/features/user/service/usecase.go:139.16,141.3 1 0
bayareen-backend/features/user/service/usecase.go:144.16,146.3 1 1
bayareen-backend/features/user/service/usecase.go:151.81,152.21 1 1
bayareen-backend/features/user/service/usecase.go:156.2,156.28 1 1
bayareen-backend/features/user/service/usecase.go:160.2,160.22 1 1
bayareen-backend/features/user/service/usecase.go:164.2,165.16 2 1
bayareen-backend/features/user/service/usecase.go:168.2,168.48 1 1
bayareen-backend/features/user/service/usecase.go:172.2,173.16 2 1
bayareen-backend/features/user/service/usecase.go:177.2,182.16 5 1
bayareen-backend/features/user/service/usecase.go:186.2,186.25 1 1
bayareen-backend/features/user/service/usecase.go:152.21,154.3 1 1
bayareen-backend/features/user/service/usecase.go:156.28,158.3 1 1
bayareen-backend/features/user/service/usecase.go:160.22,162.3 1 1
bayareen-backend/features/user/service/usecase.go:165.16,167.3 1 0
bayareen-backend/features/user/service/usecase.go:168.48,170.3 1 0
bayareen-backend/features/user/service/usecase.go:173.16,175.3 1 1
bayareen-backend/features/user/service/usecase.go:182.16,184.3 1 1
bayareen-backend/features/email/service/usecase.go:25.49,27.54 2 1
bayareen-backend/features/email/service/usecase.go:31.2,31.12 1 1
bayareen-backend/features/email/service/usecase.go:27.54,29.3 1 0
bayareen-backend/features/email/service/usecase.go:34.94,36.16 2 1
bayareen-backend/features/email/service/usecase.go:39.2,39.38 1 1
bayareen-backend/features/email/service/usecase.go:42.2,42.12 1 1
bayareen-backend/features/email/service/usecase.go:36.16,38.3 1 0
bayareen-backend/features/email/service/usecase.go:39.38,41.3 1 0
bayareen-backend/features/email/service/usecase.go:45.58,48.128 3 1
bayareen-backend/features/email/service/usecase.go:51.2,51.12 1 1
bayareen-backend/features/email/service/usecase.go:48.128,50.3 1 1
bayareen-backend/features/email/service/usecase.go:54.98,56.16 2 1
bayareen-backend/features/email/service/usecase.go:59.2,60.47 2 1
bayareen-backend/features/email/service/usecase.go:63.2,64.12 2 1
bayareen-backend/features/email/service/usecase.go:56.16,58.3 1 1
bayareen-backend/features/email/service/usecase.go:60.47,62.3 1 0
