mode: set
bayareen-backend/features/admins/service/usecase.go:18.89,24.2 1 1
bayareen-backend/features/admins/service/usecase.go:26.74,28.16 2 1
bayareen-backend/features/admins/service/usecase.go:31.2,31.46 1 1
bayareen-backend/features/admins/service/usecase.go:34.2,34.68 1 1
bayareen-backend/features/admins/service/usecase.go:28.16,30.3 1 0
bayareen-backend/features/admins/service/usecase.go:31.46,33.3 1 1
bayareen-backend/features/admins/service/usecase.go:37.48,39.16 2 0
bayareen-backend/features/admins/service/usecase.go:42.2,42.46 1 0
bayareen-backend/features/admins/service/usecase.go:45.2,45.12 1 0
bayareen-backend/features/admins/service/usecase.go:39.16,41.3 1 0
bayareen-backend/features/admins/service/usecase.go:42.46,44.3 1 0
bayareen-backend/features/admins/service/usecase.go:48.73,49.50 1 1
bayareen-backend/features/admins/service/usecase.go:53.2,54.16 2 1
bayareen-backend/features/admins/service/usecase.go:57.2,57.18 1 1
bayareen-backend/features/admins/service/usecase.go:49.50,51.3 1 1
bayareen-backend/features/admins/service/usecase.go:54.16,56.3 1 1
bayareen-backend/features/admins/service/usecase.go:60.48,62.2 1 1
bayareen-backend/features/admins/service/usecase.go:64.63,66.2 1 1
bayareen-backend/features/admins/service/usecase.go:68.73,70.16 2 1
bayareen-backend/features/admins/service/usecase.go:74.2,74.50 1 1
bayareen-backend/features/admins/service/usecase.go:78.2,81.16 3 1
bayareen-backend/features/admins/service/usecase.go:84.2,84.18 1 1
bayareen-backend/features/admins/service/usecase.go:70.16,72.3 1 1
bayareen-backend/features/admins/service/usecase.go:74.50,76.3 1 1
bayareen-backend/features/admins/service/usecase.go:81.16,83.3 1 1
bayareen-backend/features/admins/service/usecase.go:87.46,90.16 2 1
bayareen-backend/features/admins/service/usecase.go:94.2,94.32 1 1
bayareen-backend/features/admins/service/usecase.go:90.16,92.3 1 1
